<?xml version="1.0" encoding="UTF-8"?>
<!-- Generated by org.testng.reporters.JUnitXMLReporter -->
<testsuite ignored="0" hostname="DESKTOP-1ASD3IE" failures="0" tests="5" name="Test" time="57.876" errors="0" timestamp="19 dec. 2022 13:45:32 GMT">
  <testcase classname="smokeTestSuite.LogoutFromExistingAccountTest" name="@BeforeTest setup" time="8.712">
    <failure type="org.openqa.selenium.WebDriverException" message="disconnected: received Inspector.detached event
  (failed to check if window was closed: disconnected: Unable to receive message from renderer)
  (Session info: chrome=108.0.5359.99)
Build info: version: &amp;apos;4.5.0&amp;apos;, revision: &amp;apos;fe167b119a&amp;apos;
System info: os.name: &amp;apos;Windows 10&amp;apos;, os.arch: &amp;apos;amd64&amp;apos;, os.version: &amp;apos;10.0&amp;apos;, java.version: &amp;apos;11.0.2&amp;apos;
Driver info: org.openqa.selenium.chrome.ChromeDriver
Command: [48a81b1504ce633d5196d9210f040bf3, get {url=https://www.cfrcalatori.ro/}]
Capabilities {acceptInsecureCerts: false, browserName: chrome, browserVersion: 108.0.5359.99, chrome: {chromedriverVersion: 108.0.5359.71 (1e0e3868ee06..., userDataDir: C:\Users\Valentin\AppData\L...}, goog:chromeOptions: {debuggerAddress: localhost:61784}, networkConnectionEnabled: false, pageLoadStrategy: normal, platformName: WINDOWS, proxy: Proxy(), se:cdp: ws://localhost:61784/devtoo..., se:cdpVersion: 108.0.5359.99, setWindowRect: true, strictFileInteractability: false, timeouts: {implicit: 0, pageLoad: 300000, script: 30000}, unhandledPromptBehavior: dismiss and notify, webauthn:extension:credBlob: true, webauthn:extension:largeBlob: true, webauthn:virtualAuthenticators: true}
Session ID: 48a81b1504ce633d5196d9210f040bf3">
      <![CDATA[org.openqa.selenium.WebDriverException: disconnected: received Inspector.detached event  (failed to check if window was closed: disconnected: Unable to receive message from renderer)  (Session info: chrome=108.0.5359.99)Build info: version: '4.5.0', revision: 'fe167b119a'System info: os.name: 'Windows 10', os.arch: 'amd64', os.version: '10.0', java.version: '11.0.2'Driver info: org.openqa.selenium.chrome.ChromeDriverCommand: [48a81b1504ce633d5196d9210f040bf3, get {url=https://www.cfrcalatori.ro/}]Capabilities {acceptInsecureCerts: false, browserName: chrome, browserVersion: 108.0.5359.99, chrome: {chromedriverVersion: 108.0.5359.71 (1e0e3868ee06..., userDataDir: C:\Users\Valentin\AppData\L...}, goog:chromeOptions: {debuggerAddress: localhost:61784}, networkConnectionEnabled: false, pageLoadStrategy: normal, platformName: WINDOWS, proxy: Proxy(), se:cdp: ws://localhost:61784/devtoo..., se:cdpVersion: 108.0.5359.99, setWindowRect: true, strictFileInteractability: false, timeouts: {implicit: 0, pageLoad: 300000, script: 30000}, unhandledPromptBehavior: dismiss and notify, webauthn:extension:credBlob: true, webauthn:extension:largeBlob: true, webauthn:virtualAuthenticators: true}Session ID: 48a81b1504ce633d5196d9210f040bf3at org.openqa.selenium.remote.codec.w3c.W3CHttpResponseCodec.createException(W3CHttpResponseCodec.java:200)at org.openqa.selenium.remote.codec.w3c.W3CHttpResponseCodec.decode(W3CHttpResponseCodec.java:133)at org.openqa.selenium.remote.codec.w3c.W3CHttpResponseCodec.decode(W3CHttpResponseCodec.java:53)at org.openqa.selenium.remote.HttpCommandExecutor.execute(HttpCommandExecutor.java:184)at org.openqa.selenium.remote.service.DriverCommandExecutor.invokeExecute(DriverCommandExecutor.java:167)at org.openqa.selenium.remote.service.DriverCommandExecutor.execute(DriverCommandExecutor.java:142)at org.openqa.selenium.remote.RemoteWebDriver.execute(RemoteWebDriver.java:547)at org.openqa.selenium.remote.RemoteWebDriver.get(RemoteWebDriver.java:310)at smokeTestSuite.LogoutFromExistingAccountTest.setup(LogoutFromExistingAccountTest.java:29)... Removed 28 stack frames]]>
    </failure>
  </testcase> <!-- @BeforeTest setup -->
  <testcase classname="smokeTestSuite.CreateNewAccountTest" name="@AfterTest end" time="0.0">
    <skipped/>
  </testcase> <!-- @AfterTest end -->
  <testcase classname="smokeTestSuite_NavBar.DomesticJourneysOpenPriceLinksTest" name="@AfterTest end" time="0.0">
    <skipped/>
  </testcase> <!-- @AfterTest end -->
  <testcase classname="smokeTestSuite.HomePageOpensTest" name="@AfterTest tearDown" time="0.0">
    <skipped/>
  </testcase> <!-- @AfterTest tearDown -->
  <testcase classname="smokeTestSuite.LoginWithExistingAccountTest" name="@AfterTest end" time="0.0">
    <skipped/>
  </testcase> <!-- @AfterTest end -->
  <testcase classname="smokeTestSuite.LogoutFromExistingAccountTest" name="@AfterTest end" time="0.0">
    <skipped/>
  </testcase> <!-- @AfterTest end -->
  <testcase classname="smokeTestSuite.CreateNewAccountTest" name="testCreateNewAccount" time="0.0">
    <skipped/>
  </testcase> <!-- testCreateNewAccount -->
  <testcase classname="smokeTestSuite.LoginWithExistingAccountTest" name="testLoginWithExistingAccount" time="0.0">
    <skipped/>
  </testcase> <!-- testLoginWithExistingAccount -->
  <testcase classname="smokeTestSuite_NavBar.DomesticJourneysOpenPriceLinksTest" name="testDomesticJourneysOpenPriceLinks" time="0.0">
    <skipped/>
  </testcase> <!-- testDomesticJourneysOpenPriceLinks -->
  <testcase classname="smokeTestSuite.HomePageOpensTest" name="testHomePageOpens" time="0.0">
    <skipped/>
  </testcase> <!-- testHomePageOpens -->
  <testcase classname="smokeTestSuite.LogoutFromExistingAccountTest" name="testLoginWithExistingAccount" time="0.0">
    <skipped/>
  </testcase> <!-- testLoginWithExistingAccount -->
</testsuite> <!-- Test -->
