<?xml version="1.0" encoding="UTF-8"?>
<!-- Generated by org.testng.reporters.JUnitXMLReporter -->
<testsuite ignored="0" hostname="DESKTOP-1ASD3IE" failures="1" tests="1" name="Test3" time="12.421" errors="0" timestamp="19 dec. 2022 13:50:24 GMT">
  <testcase classname="smokeTestSuite_NavBar.DomesticJourneysOpenPriceLinksTest" name="testDomesticJourneysOpenPriceLinks" time="0.81">
    <failure type="org.openqa.selenium.ElementNotInteractableException" message="element not interactable: https://bilete.cfrcalatori.ro/ro-RO/Account/Login has no size and location
  (Session info: chrome=108.0.5359.99)
Build info: version: &amp;apos;4.5.0&amp;apos;, revision: &amp;apos;fe167b119a&amp;apos;
System info: os.name: &amp;apos;Windows 10&amp;apos;, os.arch: &amp;apos;amd64&amp;apos;, os.version: &amp;apos;10.0&amp;apos;, java.version: &amp;apos;11.0.2&amp;apos;
Driver info: org.openqa.selenium.chrome.ChromeDriver
Command: [3812ad8db29475a4894b1b2b53b74529, actions {actions=[org.openqa.selenium.interactions.Sequence@63a28987]}]
Capabilities {acceptInsecureCerts: false, browserName: chrome, browserVersion: 108.0.5359.99, chrome: {chromedriverVersion: 108.0.5359.71 (1e0e3868ee06..., userDataDir: C:\Users\Valentin\AppData\L...}, goog:chromeOptions: {debuggerAddress: localhost:61957}, networkConnectionEnabled: false, pageLoadStrategy: normal, platformName: WINDOWS, proxy: Proxy(), se:cdp: ws://localhost:61957/devtoo..., se:cdpVersion: 108.0.5359.99, setWindowRect: true, strictFileInteractability: false, timeouts: {implicit: 0, pageLoad: 300000, script: 30000}, unhandledPromptBehavior: dismiss and notify, webauthn:extension:credBlob: true, webauthn:extension:largeBlob: true, webauthn:virtualAuthenticators: true}
Session ID: 3812ad8db29475a4894b1b2b53b74529">
      <![CDATA[org.openqa.selenium.ElementNotInteractableException: element not interactable: https://bilete.cfrcalatori.ro/ro-RO/Account/Login has no size and location  (Session info: chrome=108.0.5359.99)Build info: version: '4.5.0', revision: 'fe167b119a'System info: os.name: 'Windows 10', os.arch: 'amd64', os.version: '10.0', java.version: '11.0.2'Driver info: org.openqa.selenium.chrome.ChromeDriverCommand: [3812ad8db29475a4894b1b2b53b74529, actions {actions=[org.openqa.selenium.interactions.Sequence@63a28987]}]Capabilities {acceptInsecureCerts: false, browserName: chrome, browserVersion: 108.0.5359.99, chrome: {chromedriverVersion: 108.0.5359.71 (1e0e3868ee06..., userDataDir: C:\Users\Valentin\AppData\L...}, goog:chromeOptions: {debuggerAddress: localhost:61957}, networkConnectionEnabled: false, pageLoadStrategy: normal, platformName: WINDOWS, proxy: Proxy(), se:cdp: ws://localhost:61957/devtoo..., se:cdpVersion: 108.0.5359.99, setWindowRect: true, strictFileInteractability: false, timeouts: {implicit: 0, pageLoad: 300000, script: 30000}, unhandledPromptBehavior: dismiss and notify, webauthn:extension:credBlob: true, webauthn:extension:largeBlob: true, webauthn:virtualAuthenticators: true}Session ID: 3812ad8db29475a4894b1b2b53b74529at org.openqa.selenium.remote.codec.w3c.W3CHttpResponseCodec.createException(W3CHttpResponseCodec.java:200)at org.openqa.selenium.remote.codec.w3c.W3CHttpResponseCodec.decode(W3CHttpResponseCodec.java:133)at org.openqa.selenium.remote.codec.w3c.W3CHttpResponseCodec.decode(W3CHttpResponseCodec.java:53)at org.openqa.selenium.remote.HttpCommandExecutor.execute(HttpCommandExecutor.java:184)at org.openqa.selenium.remote.service.DriverCommandExecutor.invokeExecute(DriverCommandExecutor.java:167)at org.openqa.selenium.remote.service.DriverCommandExecutor.execute(DriverCommandExecutor.java:142)at org.openqa.selenium.remote.RemoteWebDriver.execute(RemoteWebDriver.java:547)at org.openqa.selenium.remote.RemoteWebDriver.perform(RemoteWebDriver.java:615)at org.openqa.selenium.interactions.Actions$BuiltAction.perform(Actions.java:567)at org.openqa.selenium.interactions.Actions.perform(Actions.java:536)at pageObjects.HomePage.goToLink(HomePage.java:91)at smokeTestSuite_NavBar.DomesticJourneysOpenPriceLinksTest.testDomesticJourneysOpenPriceLinks(DomesticJourneysOpenPriceLinksTest.java:31)... Removed 29 stack frames]]>
    </failure>
  </testcase> <!-- testDomesticJourneysOpenPriceLinks -->
</testsuite> <!-- Test3 -->
