<?xml version="1.0" encoding="UTF-8"?>
<!-- Generated by org.testng.reporters.JUnitXMLReporter -->
<testsuite ignored="0" hostname="DESKTOP-1ASD3IE" failures="1" tests="2" name="Smoke_Tests" time="61.954" errors="0" timestamp="19 dec. 2022 13:35:50 GMT">
  <testcase classname="smokeTestSuite.LoginWithExistingAccountTest" name="@AfterTest end" time="0.0">
    <failure type="java.lang.NullPointerException">
      <![CDATA[java.lang.NullPointerExceptionat smokeTestSuite.LoginWithExistingAccountTest.end(LoginWithExistingAccountTest.java:66)... Removed 24 stack frames]]>
    </failure>
  </testcase> <!-- @AfterTest end -->
  <testcase classname="smokeTestSuite.CreateNewAccountTest" name="testCreateNewAccount" time="42.301"/>
  <testcase classname="smokeTestSuite.LoginWithExistingAccountTest" name="testLoginWithExistingAccount" time="0.048">
    <failure type="org.openqa.selenium.NoSuchElementException" message="no such element: Unable to locate element: {&amp;quot;method&amp;quot;:&amp;quot;xpath&amp;quot;,&amp;quot;selector&amp;quot;:&amp;quot;//ul[@id=&amp;apos;menu-menu-1&amp;apos;]/li[7]/a[@role=&amp;apos;link&amp;apos;]&amp;quot;}
  (Session info: chrome=108.0.5359.99)
For documentation on this error, please visit: https://selenium.dev/exceptions/#no_such_element
Build info: version: &amp;apos;4.5.0&amp;apos;, revision: &amp;apos;fe167b119a&amp;apos;
System info: os.name: &amp;apos;Windows 10&amp;apos;, os.arch: &amp;apos;amd64&amp;apos;, os.version: &amp;apos;10.0&amp;apos;, java.version: &amp;apos;11.0.2&amp;apos;
Driver info: org.openqa.selenium.chrome.ChromeDriver
Command: [da185a4e75085c916f04b350a5e00c62, findElement {using=xpath, value=//ul[@id=&amp;apos;menu-menu-1&amp;apos;]/li[7]/a[@role=&amp;apos;link&amp;apos;]}]
Capabilities {acceptInsecureCerts: false, browserName: chrome, browserVersion: 108.0.5359.99, chrome: {chromedriverVersion: 108.0.5359.71 (1e0e3868ee06..., userDataDir: C:\Users\Valentin\AppData\L...}, goog:chromeOptions: {debuggerAddress: localhost:61342}, networkConnectionEnabled: false, pageLoadStrategy: normal, platformName: WINDOWS, proxy: Proxy(), se:cdp: ws://localhost:61342/devtoo..., se:cdpVersion: 108.0.5359.99, setWindowRect: true, strictFileInteractability: false, timeouts: {implicit: 0, pageLoad: 300000, script: 30000}, unhandledPromptBehavior: dismiss and notify, webauthn:extension:credBlob: true, webauthn:extension:largeBlob: true, webauthn:virtualAuthenticators: true}
Session ID: da185a4e75085c916f04b350a5e00c62">
      <![CDATA[org.openqa.selenium.NoSuchElementException: no such element: Unable to locate element: {"method":"xpath","selector":"//ul[@id='menu-menu-1']/li[7]/a[@role='link']"}  (Session info: chrome=108.0.5359.99)For documentation on this error, please visit: https://selenium.dev/exceptions/#no_such_elementBuild info: version: '4.5.0', revision: 'fe167b119a'System info: os.name: 'Windows 10', os.arch: 'amd64', os.version: '10.0', java.version: '11.0.2'Driver info: org.openqa.selenium.chrome.ChromeDriverCommand: [da185a4e75085c916f04b350a5e00c62, findElement {using=xpath, value=//ul[@id='menu-menu-1']/li[7]/a[@role='link']}]Capabilities {acceptInsecureCerts: false, browserName: chrome, browserVersion: 108.0.5359.99, chrome: {chromedriverVersion: 108.0.5359.71 (1e0e3868ee06..., userDataDir: C:\Users\Valentin\AppData\L...}, goog:chromeOptions: {debuggerAddress: localhost:61342}, networkConnectionEnabled: false, pageLoadStrategy: normal, platformName: WINDOWS, proxy: Proxy(), se:cdp: ws://localhost:61342/devtoo..., se:cdpVersion: 108.0.5359.99, setWindowRect: true, strictFileInteractability: false, timeouts: {implicit: 0, pageLoad: 300000, script: 30000}, unhandledPromptBehavior: dismiss and notify, webauthn:extension:credBlob: true, webauthn:extension:largeBlob: true, webauthn:virtualAuthenticators: true}Session ID: da185a4e75085c916f04b350a5e00c62at org.openqa.selenium.remote.codec.w3c.W3CHttpResponseCodec.createException(W3CHttpResponseCodec.java:200)at org.openqa.selenium.remote.codec.w3c.W3CHttpResponseCodec.decode(W3CHttpResponseCodec.java:133)at org.openqa.selenium.remote.codec.w3c.W3CHttpResponseCodec.decode(W3CHttpResponseCodec.java:53)at org.openqa.selenium.remote.HttpCommandExecutor.execute(HttpCommandExecutor.java:184)at org.openqa.selenium.remote.service.DriverCommandExecutor.invokeExecute(DriverCommandExecutor.java:167)at org.openqa.selenium.remote.service.DriverCommandExecutor.execute(DriverCommandExecutor.java:142)at org.openqa.selenium.remote.RemoteWebDriver.execute(RemoteWebDriver.java:547)at org.openqa.selenium.remote.ElementLocation$ElementFinder$2.findElement(ElementLocation.java:162)at org.openqa.selenium.remote.ElementLocation.findElement(ElementLocation.java:60)at org.openqa.selenium.remote.RemoteWebDriver.findElement(RemoteWebDriver.java:365)at org.openqa.selenium.remote.RemoteWebDriver.findElement(RemoteWebDriver.java:357)at pageObjects.HomePage.getMyAccountLink(HomePage.java:29)at pageObjects.HomePage.goToLoginPage(HomePage.java:84)at smokeTestSuite.LoginWithExistingAccountTest.testLoginWithExistingAccount(LoginWithExistingAccountTest.java:35)... Removed 29 stack frames]]>
    </failure>
  </testcase> <!-- testLoginWithExistingAccount -->
</testsuite> <!-- Smoke_Tests -->
